0 info it worked if it ends with ok
1 verbose cli [ '/usr/local/nodejs/bin/node',
1 verbose cli   '/usr/local/bin/npm',
1 verbose cli   'version',
1 verbose cli   'patch' ]
2 info using npm@4.1.2
3 info using node@v7.7.1
4 info git [ 'status', '--porcelain' ]
5 verbose stack Error: Git working directory not clean.
5 verbose stack M lib/tagSet.js
5 verbose stack     at /usr/local/nodejs/lib/node_modules/npm/lib/version.js:247:19
5 verbose stack     at /usr/local/nodejs/lib/node_modules/npm/lib/utils/no-progress-while-running.js:21:8
5 verbose stack     at ChildProcess.exithandler (child_process.js:201:7)
5 verbose stack     at emitTwo (events.js:106:13)
5 verbose stack     at ChildProcess.emit (events.js:194:7)
5 verbose stack     at maybeClose (internal/child_process.js:899:16)
5 verbose stack     at Process.ChildProcess._handle.onexit (internal/child_process.js:226:5)
6 verbose cwd /usr/local/Repositories/tag_set
7 error Linux 2.6.32-042stab116.1
8 error argv "/usr/local/nodejs/bin/node" "/usr/local/bin/npm" "version" "patch"
9 error node v7.7.1
10 error npm  v4.1.2
11 error Git working directory not clean.
11 error M lib/tagSet.js
12 error If you need help, you may report this error at:
12 error     <https://github.com/npm/npm/issues>
13 verbose exit [ 1, true ]
